<?xml version="1.0" encoding="UTF-8"?>
<!-- Generated by org.testng.reporters.JUnitReportReporter -->
<testsuite hostname="DESKTOP-TJUA0NC" failures="3" tests="3" name="cucumberOptions.TestNGTestRunner" time="164.090" errors="0" timestamp="2022-12-19T09:45:31 IST" skipped="0">
  <testcase classname="cucumberOptions.TestNGTestRunner" name="runScenario" time="60.550">
    <failure message="expected [ParaBank | Error] but found [ParaBank | Accounts Overview]" type="java.lang.AssertionError">
      <![CDATA[java.lang.AssertionError: expected [ParaBank | Error] but found [ParaBank | Accounts Overview]
at org.testng.Assert.fail(Assert.java:110)
at org.testng.Assert.failNotEquals(Assert.java:1413)
at org.testng.Assert.assertEqualsImpl(Assert.java:149)
at org.testng.Assert.assertEquals(Assert.java:131)
at org.testng.Assert.assertEquals(Assert.java:655)
at org.testng.Assert.assertEquals(Assert.java:665)
at pageObjects.AccountsPage.verifyLogin(AccountsPage.java:30)
at stepDefinitions.AccountPageStepDefinition.user_verfy_login_is_successful(AccountPageStepDefinition.java:23)
at ✽.user verify login is successful(file:///D:/ParaBank/ParaBank/src/test/java/features/accountVerification_B.feature:7)
]]>
    </failure>
  </testcase> <!-- runScenario -->
  <system-out/>
  <testcase classname="cucumberOptions.TestNGTestRunner" name="runScenario" time="51.313">
    <failure message="expected [ParaBank | Error] but found [ParaBank | Accounts Overview]" type="java.lang.AssertionError">
      <![CDATA[java.lang.AssertionError: expected [ParaBank | Error] but found [ParaBank | Accounts Overview]
at org.testng.Assert.fail(Assert.java:110)
at org.testng.Assert.failNotEquals(Assert.java:1413)
at org.testng.Assert.assertEqualsImpl(Assert.java:149)
at org.testng.Assert.assertEquals(Assert.java:131)
at org.testng.Assert.assertEquals(Assert.java:655)
at org.testng.Assert.assertEquals(Assert.java:665)
at pageObjects.AccountsPage.verifyLogin(AccountsPage.java:30)
at stepDefinitions.AccountPageStepDefinition.user_verfy_login_is_successful(AccountPageStepDefinition.java:23)
at ✽.user verify login is successful(file:///D:/ParaBank/ParaBank/src/test/java/features/openingAccount_A.feature:8)
]]>
    </failure>
  </testcase> <!-- runScenario -->
  <system-out/>
  <testcase classname="cucumberOptions.TestNGTestRunner" name="runScenario" time="52.227">
    <failure message="expected [ParaBank | Error] but found [ParaBank | Accounts Overview]" type="java.lang.AssertionError">
      <![CDATA[java.lang.AssertionError: expected [ParaBank | Error] but found [ParaBank | Accounts Overview]
at org.testng.Assert.fail(Assert.java:110)
at org.testng.Assert.failNotEquals(Assert.java:1413)
at org.testng.Assert.assertEqualsImpl(Assert.java:149)
at org.testng.Assert.assertEquals(Assert.java:131)
at org.testng.Assert.assertEquals(Assert.java:655)
at org.testng.Assert.assertEquals(Assert.java:665)
at pageObjects.AccountsPage.verifyLogin(AccountsPage.java:30)
at stepDefinitions.AccountPageStepDefinition.user_verfy_login_is_successful(AccountPageStepDefinition.java:23)
at ✽.user verify login is successful(file:///D:/ParaBank/ParaBank/src/test/java/features/transactionVerification_C.feature:7)
]]>
    </failure>
  </testcase> <!-- runScenario -->
  <system-out/>
</testsuite> <!-- cucumberOptions.TestNGTestRunner -->
