<html>
<head>
<title>TestNG:  Default test</title>
<link href="../testng.css" rel="stylesheet" type="text/css" />
<link href="../my-testng.css" rel="stylesheet" type="text/css" />

<style type="text/css">
.log { display: none;} 
.stack-trace { display: none;} 
</style>
<script type="text/javascript">
<!--
function flip(e) {
  current = e.style.display;
  if (current == 'block') {
    e.style.display = 'none';
    return 0;
  }
  else {
    e.style.display = 'block';
    return 1;
  }
}

function toggleBox(szDivId, elem, msg1, msg2)
{
  var res = -1;  if (document.getElementById) {
    res = flip(document.getElementById(szDivId));
  }
  else if (document.all) {
    // this is the way old msie versions work
    res = flip(document.all[szDivId]);
  }
  if(elem) {
    if(res == 0) elem.innerHTML = msg1; else elem.innerHTML = msg2;
  }

}

function toggleAllBoxes() {
  if (document.getElementsByTagName) {
    d = document.getElementsByTagName('div');
    for (i = 0; i < d.length; i++) {
      if (d[i].className == 'log') {
        flip(d[i]);
      }
    }
  }
}

// -->
</script>

</head>
<body>
<h2 align='center'>Default test</h2><table border='1' align="center">
<tr>
<td>Tests passed/Failed/Skipped:</td><td>0/3/0</td>
</tr><tr>
<td>Started on:</td><td>Mon Dec 19 09:42:45 IST 2022</td>
</tr>
<tr><td>Total time:</td><td>165 seconds (165926 ms)</td>
</tr><tr>
<td>Included groups:</td><td></td>
</tr><tr>
<td>Excluded groups:</td><td></td>
</tr>
</table><p/>
<small><i>(Hover the method name to see the test class name)</i></small><p/>
<table width='100%' border='1' class='invocation-failed'>
<tr><td colspan='4' align='center'><b>FAILED TESTS</b></td></tr>
<tr><td><b>Test method</b></td>
<td><b>Attribute(s)</b></td>
<td width="30%"><b>Exception</b></td>
<td width="10%"><b>Time (seconds)</b></td>
<td><b>Instance</b></td>
</tr>
<tr>
<td title='cucumberOptions.TestNGTestRunner.runScenario()'><b>runScenario</b><br>Test class: cucumberOptions.TestNGTestRunner<br>Test method: Runs Cucumber Scenarios<br>Parameters: "Verification of the account details page for both the new accounts created", "Account details verification"</td>
<td><div><pre>java.lang.AssertionError: expected [ParaBank | Error] but found [ParaBank | Accounts Overview]
	at org.testng.Assert.fail(Assert.java:110)
	at org.testng.Assert.failNotEquals(Assert.java:1413)
	at org.testng.Assert.assertEqualsImpl(Assert.java:149)
	at org.testng.Assert.assertEquals(Assert.java:131)
	at org.testng.Assert.assertEquals(Assert.java:655)
	at org.testng.Assert.assertEquals(Assert.java:665)
	at pageObjects.AccountsPage.verifyLogin(AccountsPage.java:30)
	at stepDefinitions.AccountPageStepDefinition.user_verfy_login_is_successful(AccountPageStepDefinition.java:23)
	at ✽.user verify login is successful(file:///D:/ParaBank/ParaBank/src/test/java/features/accountVerification_B.feature:7)
</pre></div><a href='#' onClick='toggleBox("stack-trace22006205", this, "Click to show all stack frames", "Click to hide stack frames")'>Click to show all stack frames</a>
<div class='stack-trace' id='stack-trace22006205'><pre>java.lang.AssertionError: expected [ParaBank | Error] but found [ParaBank | Accounts Overview]
	at org.testng.Assert.fail(Assert.java:110)
	at org.testng.Assert.failNotEquals(Assert.java:1413)
	at org.testng.Assert.assertEqualsImpl(Assert.java:149)
	at org.testng.Assert.assertEquals(Assert.java:131)
	at org.testng.Assert.assertEquals(Assert.java:655)
	at org.testng.Assert.assertEquals(Assert.java:665)
	at pageObjects.AccountsPage.verifyLogin(AccountsPage.java:30)
	at stepDefinitions.AccountPageStepDefinition.user_verfy_login_is_successful(AccountPageStepDefinition.java:23)
	at ✽.user verify login is successful(file:///D:/ParaBank/ParaBank/src/test/java/features/accountVerification_B.feature:7)
</pre></div></td>
<td>60</td>
<td>cucumberOptions.TestNGTestRunner@909217e</td></tr>
<tr>
<td title='cucumberOptions.TestNGTestRunner.runScenario()'><b>runScenario</b><br>Test class: cucumberOptions.TestNGTestRunner<br>Test method: Runs Cucumber Scenarios<br>Parameters: "Verification of opening two new accounts for both account types - CHECKING and SAVINGS.", "Opening account"</td>
<td><div><pre>java.lang.AssertionError: expected [ParaBank | Error] but found [ParaBank | Accounts Overview]
	at org.testng.Assert.fail(Assert.java:110)
	at org.testng.Assert.failNotEquals(Assert.java:1413)
	at org.testng.Assert.assertEqualsImpl(Assert.java:149)
	at org.testng.Assert.assertEquals(Assert.java:131)
	at org.testng.Assert.assertEquals(Assert.java:655)
	at org.testng.Assert.assertEquals(Assert.java:665)
	at pageObjects.AccountsPage.verifyLogin(AccountsPage.java:30)
	at stepDefinitions.AccountPageStepDefinition.user_verfy_login_is_successful(AccountPageStepDefinition.java:23)
	at ✽.user verify login is successful(file:///D:/ParaBank/ParaBank/src/test/java/features/openingAccount_A.feature:8)
</pre></div><a href='#' onClick='toggleBox("stack-trace1307540790", this, "Click to show all stack frames", "Click to hide stack frames")'>Click to show all stack frames</a>
<div class='stack-trace' id='stack-trace1307540790'><pre>java.lang.AssertionError: expected [ParaBank | Error] but found [ParaBank | Accounts Overview]
	at org.testng.Assert.fail(Assert.java:110)
	at org.testng.Assert.failNotEquals(Assert.java:1413)
	at org.testng.Assert.assertEqualsImpl(Assert.java:149)
	at org.testng.Assert.assertEquals(Assert.java:131)
	at org.testng.Assert.assertEquals(Assert.java:655)
	at org.testng.Assert.assertEquals(Assert.java:665)
	at pageObjects.AccountsPage.verifyLogin(AccountsPage.java:30)
	at stepDefinitions.AccountPageStepDefinition.user_verfy_login_is_successful(AccountPageStepDefinition.java:23)
	at ✽.user verify login is successful(file:///D:/ParaBank/ParaBank/src/test/java/features/openingAccount_A.feature:8)
</pre></div></td>
<td>51</td>
<td>cucumberOptions.TestNGTestRunner@909217e</td></tr>
<tr>
<td title='cucumberOptions.TestNGTestRunner.runScenario()'><b>runScenario</b><br>Test class: cucumberOptions.TestNGTestRunner<br>Test method: Runs Cucumber Scenarios<br>Parameters: "Verify that the Balance and transaction table details are correct in each of the accounts", "Bill Pay"</td>
<td><div><pre>java.lang.AssertionError: expected [ParaBank | Error] but found [ParaBank | Accounts Overview]
	at org.testng.Assert.fail(Assert.java:110)
	at org.testng.Assert.failNotEquals(Assert.java:1413)
	at org.testng.Assert.assertEqualsImpl(Assert.java:149)
	at org.testng.Assert.assertEquals(Assert.java:131)
	at org.testng.Assert.assertEquals(Assert.java:655)
	at org.testng.Assert.assertEquals(Assert.java:665)
	at pageObjects.AccountsPage.verifyLogin(AccountsPage.java:30)
	at stepDefinitions.AccountPageStepDefinition.user_verfy_login_is_successful(AccountPageStepDefinition.java:23)
	at ✽.user verify login is successful(file:///D:/ParaBank/ParaBank/src/test/java/features/transactionVerification_C.feature:7)
</pre></div><a href='#' onClick='toggleBox("stack-trace1821310436", this, "Click to show all stack frames", "Click to hide stack frames")'>Click to show all stack frames</a>
<div class='stack-trace' id='stack-trace1821310436'><pre>java.lang.AssertionError: expected [ParaBank | Error] but found [ParaBank | Accounts Overview]
	at org.testng.Assert.fail(Assert.java:110)
	at org.testng.Assert.failNotEquals(Assert.java:1413)
	at org.testng.Assert.assertEqualsImpl(Assert.java:149)
	at org.testng.Assert.assertEquals(Assert.java:131)
	at org.testng.Assert.assertEquals(Assert.java:655)
	at org.testng.Assert.assertEquals(Assert.java:665)
	at pageObjects.AccountsPage.verifyLogin(AccountsPage.java:30)
	at stepDefinitions.AccountPageStepDefinition.user_verfy_login_is_successful(AccountPageStepDefinition.java:23)
	at ✽.user verify login is successful(file:///D:/ParaBank/ParaBank/src/test/java/features/transactionVerification_C.feature:7)
</pre></div></td>
<td>52</td>
<td>cucumberOptions.TestNGTestRunner@909217e</td></tr>
</table><p>
</body>
</html>